Vector((0.000000, 0.000000), (3.000000, 3.000000))
Vector((3.000000, 3.000000), (-0.023050, -0.092017))
Vector((-0.023050, -0.092017), (-0.016364, -0.098555))
Vector((-0.016364, -0.098555), (-0.016375, -0.098567))

Vector((0.000000, 0.000000), (3.000000, 3.000000))
Vector((3.000000, 3.000000), (-0.341323, 1.319650))
Vector((-0.341323, 1.319650), (0.215247, 0.212928))
Vector((0.215247, 0.212928), (-0.027046, 0.091079))
Vector((-0.027046, 0.091079), (0.013313, 0.010826))
Vector((0.013313, 0.010826), (-0.004257, 0.001990))
Vector((-0.004257, 0.001990), (-0.001330, -0.003829))
Vector((-0.001330, -0.003829), (-0.002604, -0.004470))
Vector((-0.002604, -0.004470), (-0.002392, -0.004892))
Vector((-0.002392, -0.004892), (-0.002484, -0.004939))
Vector((-0.002484, -0.004939), (-0.002469, -0.004969))
Vector((-0.002469, -0.004969), (-0.002476, -0.004973))
Vector((-0.002476, -0.004973), (-0.002475, -0.004975))
Vector((-0.002475, -0.004975), (-0.002475, -0.004975))
Vector((-0.002475, -0.004975), (-0.002475, -0.004975))
Vector((-0.002475, -0.004975), (-0.002475, -0.004975))
