Vector((0.000000, 0.000000), (3.000000, 3.000000))
Vector((3.000000, 3.000000), (-1.109375, -1.203125))
Vector((-1.109375, -1.203125), (0.377686, 0.297119))
Vector((0.377686, 0.297119), (-0.158169, -0.240589))
Vector((-0.158169, -0.240589), (0.034607, -0.047553))
Vector((0.034607, -0.047553), (-0.034701, -0.116897))
Vector((-0.034701, -0.116897), (-0.009789, -0.091980))
Vector((-0.009789, -0.091980), (-0.018742, -0.100934))
Vector((-0.018742, -0.100934), (-0.015525, -0.097717))
Vector((-0.015525, -0.097717), (-0.016681, -0.098873))
Vector((-0.016681, -0.098873), (-0.016266, -0.098457))
Vector((-0.016266, -0.098457), (-0.016415, -0.098607))
Vector((-0.016415, -0.098607), (-0.016361, -0.098553))
Vector((-0.016361, -0.098553), (-0.016380, -0.098572))
Vector((-0.016380, -0.098572), (-0.016374, -0.098565))
Vector((-0.016374, -0.098565), (-0.016376, -0.098568))
Vector((-0.016376, -0.098568), (-0.016375, -0.098567))
Vector((-0.016375, -0.098567), (-0.016375, -0.098567))
Vector((0.000000, 0.000000), (3.000000, 3.000000))
Vector((3.000000, 3.000000), (-1.714844, 0.628906))
Vector((-1.714844, 0.628906), (0.955780, 0.147064))
Vector((0.955780, 0.147064), (-0.542681, 0.020797))
Vector((-0.542681, 0.020797), (0.301190, 0.004883))
Vector((0.301190, 0.004883), (-0.173364, -0.005191))
Vector((-0.173364, -0.005191), (0.093651, -0.003687))
Vector((0.093651, -0.003687), (-0.056556, -0.005445))
Vector((-0.056556, -0.005445), (0.027949, -0.004655))
Vector((0.027949, -0.004655), (-0.019591, -0.005143))
Vector((-0.019591, -0.005143), (0.007154, -0.004878))
Vector((0.007154, -0.004878), (-0.007892, -0.005029))
Vector((-0.007892, -0.005029), (0.000572, -0.004945))
Vector((0.000572, -0.004945), (-0.004190, -0.004992))
Vector((-0.004190, -0.004992), (-0.001511, -0.004966))
Vector((-0.001511, -0.004966), (-0.003018, -0.004981))
Vector((-0.003018, -0.004981), (-0.002170, -0.004972))
Vector((-0.002170, -0.004972), (-0.002647, -0.004977))
Vector((-0.002647, -0.004977), (-0.002379, -0.004974))
Vector((-0.002379, -0.004974), (-0.002529, -0.004976))
Vector((-0.002529, -0.004976), (-0.002445, -0.004975))
Vector((-0.002445, -0.004975), (-0.002492, -0.004975))
Vector((-0.002492, -0.004975), (-0.002465, -0.004975))
Vector((-0.002465, -0.004975), (-0.002481, -0.004975))
Vector((-0.002481, -0.004975), (-0.002472, -0.004975))
Vector((-0.002472, -0.004975), (-0.002477, -0.004975))
Vector((-0.002477, -0.004975), (-0.002474, -0.004975))
Vector((-0.002474, -0.004975), (-0.002476, -0.004975))
Vector((-0.002476, -0.004975), (-0.002475, -0.004975))
Vector((-0.002475, -0.004975), (-0.002475, -0.004975))
Vector((-0.002475, -0.004975), (-0.002475, -0.004975))
Vector((-0.002475, -0.004975), (-0.002475, -0.004975))
Vector((-0.002475, -0.004975), (-0.002475, -0.004975))
Vector((-0.002475, -0.004975), (-0.002475, -0.004975))
